{"name": "User can shop by product Face Washes", "status": "broken", "statusDetails": {"message": "selenium.common.exceptions.NoSuchElementException: Message: no such element: Unable to locate element: {\"method\":\"css selector\",\"selector\":\"[id=\"ProductCount\"]\"}\n  (Session info: chrome=112.0.5615.50)\nStacktrace:\nBacktrace:\n\tGetHandleVerifier [0x015B5E23+53059]\n\t(No symbol) [0x01544AF1]\n\t(No symbol) [0x0143B388]\n\t(No symbol) [0x0146CA3F]\n\t(No symbol) [0x0146CC4B]\n\t(No symbol) [0x014A2772]\n\t(No symbol) [0x0148A814]\n\t(No symbol) [0x014A066F]\n\t(No symbol) [0x0148A5C6]\n\t(No symbol) [0x01460A2C]\n\t(No symbol) [0x014620ED]\n\tGetHandleVerifier [0x0181D3CE+2573550]\n\tGetHandleVerifier [0x01853340+2794592]\n\tGetHandleVerifier [0x0184CF1C+2768956]\n\tGetHandleVerifier [0x0164FA60+682880]\n\t(No symbol) [0x0154EE22]\n\t(No symbol) [0x0154A8B8]\n\t(No symbol) [0x0154A99B]\n\t(No symbol) [0x0153DB57]\n\tBaseThreadInitThunk [0x75C58484+36]\n\tRtlValidSecurityDescriptor [0x76FF2EC0+448]\n\tRtlValidSecurityDescriptor [0x76FF2E90+400]\n\n", "trace": "  File \"/Users/loulouangibeau/Documents/QA-Automation/python-selenium-automation/venv/lib/python3.7/site-packages/behave/model.py\", line 1329, in run\n    match.run(runner.context)\n  File \"/Users/loulouangibeau/Documents/QA-Automation/python-selenium-automation/venv/lib/python3.7/site-packages/behave/matchers.py\", line 98, in run\n    self.func(context, *args, **kwargs)\n  File \"features/steps/User_Can_Shop_By_Product_Face_Washes.py\", line 18, in verify_search_results\n    context.app.search_results.verifying_search_result(expected_result)\n  File \"/Users/loulouangibeau/Documents/Cure-Skin-Project/Cure-Skin-Python-Selenium/pages/search_results.py\", line 10, in verifying_search_result\n    actual_result = self.driver.find_element(*self.PRODUCT_TOTAL).text\n  File \"/Users/loulouangibeau/Documents/QA-Automation/python-selenium-automation/venv/lib/python3.7/site-packages/selenium/webdriver/remote/webdriver.py\", line 830, in find_element\n    return self.execute(Command.FIND_ELEMENT, {\"using\": by, \"value\": value})[\"value\"]\n  File \"/Users/loulouangibeau/Documents/QA-Automation/python-selenium-automation/venv/lib/python3.7/site-packages/selenium/webdriver/remote/webdriver.py\", line 440, in execute\n    self.error_handler.check_response(response)\n  File \"/Users/loulouangibeau/Documents/QA-Automation/python-selenium-automation/venv/lib/python3.7/site-packages/selenium/webdriver/remote/errorhandler.py\", line 245, in check_response\n    raise exception_class(message, screen, stacktrace)\n"}, "steps": [{"name": "Given Open the main page", "status": "passed", "start": 1683161102447, "stop": 1683161109163}, {"name": "Then Click on 'Shop by product' - select Face Washes", "status": "passed", "start": 1683161109165, "stop": 1683161110124}, {"name": "When Verify 2 products 'Face Wash' results is shown", "status": "broken", "statusDetails": {"message": "selenium.common.exceptions.NoSuchElementException: Message: no such element: Unable to locate element: {\"method\":\"css selector\",\"selector\":\"[id=\"ProductCount\"]\"}\n  (Session info: chrome=112.0.5615.50)\nStacktrace:\nBacktrace:\n\tGetHandleVerifier [0x015B5E23+53059]\n\t(No symbol) [0x01544AF1]\n\t(No symbol) [0x0143B388]\n\t(No symbol) [0x0146CA3F]\n\t(No symbol) [0x0146CC4B]\n\t(No symbol) [0x014A2772]\n\t(No symbol) [0x0148A814]\n\t(No symbol) [0x014A066F]\n\t(No symbol) [0x0148A5C6]\n\t(No symbol) [0x01460A2C]\n\t(No symbol) [0x014620ED]\n\tGetHandleVerifier [0x0181D3CE+2573550]\n\tGetHandleVerifier [0x01853340+2794592]\n\tGetHandleVerifier [0x0184CF1C+2768956]\n\tGetHandleVerifier [0x0164FA60+682880]\n\t(No symbol) [0x0154EE22]\n\t(No symbol) [0x0154A8B8]\n\t(No symbol) [0x0154A99B]\n\t(No symbol) [0x0153DB57]\n\tBaseThreadInitThunk [0x75C58484+36]\n\tRtlValidSecurityDescriptor [0x76FF2EC0+448]\n\tRtlValidSecurityDescriptor [0x76FF2E90+400]\n\n", "trace": "  File \"/Users/loulouangibeau/Documents/QA-Automation/python-selenium-automation/venv/lib/python3.7/site-packages/behave/model.py\", line 1329, in run\n    match.run(runner.context)\n  File \"/Users/loulouangibeau/Documents/QA-Automation/python-selenium-automation/venv/lib/python3.7/site-packages/behave/matchers.py\", line 98, in run\n    self.func(context, *args, **kwargs)\n  File \"features/steps/User_Can_Shop_By_Product_Face_Washes.py\", line 18, in verify_search_results\n    context.app.search_results.verifying_search_result(expected_result)\n  File \"/Users/loulouangibeau/Documents/Cure-Skin-Project/Cure-Skin-Python-Selenium/pages/search_results.py\", line 10, in verifying_search_result\n    actual_result = self.driver.find_element(*self.PRODUCT_TOTAL).text\n  File \"/Users/loulouangibeau/Documents/QA-Automation/python-selenium-automation/venv/lib/python3.7/site-packages/selenium/webdriver/remote/webdriver.py\", line 830, in find_element\n    return self.execute(Command.FIND_ELEMENT, {\"using\": by, \"value\": value})[\"value\"]\n  File \"/Users/loulouangibeau/Documents/QA-Automation/python-selenium-automation/venv/lib/python3.7/site-packages/selenium/webdriver/remote/webdriver.py\", line 440, in execute\n    self.error_handler.check_response(response)\n  File \"/Users/loulouangibeau/Documents/QA-Automation/python-selenium-automation/venv/lib/python3.7/site-packages/selenium/webdriver/remote/errorhandler.py\", line 245, in check_response\n    raise exception_class(message, screen, stacktrace)\n"}, "start": 1683161110126, "stop": 1683161114283}], "start": 1683161098837, "stop": 1683161115474, "uuid": "802d91f2-459d-4f37-ab95-7b153c2e89eb", "historyId": "c7b1c0c5a990beb8dbf5bd426cd4c5db", "fullName": "User can shop by product Face Washes: User can shop by product Face Washes", "labels": [{"name": "severity", "value": "normal"}, {"name": "feature", "value": "User can shop by product Face Washes"}, {"name": "framework", "value": "behave"}, {"name": "language", "value": "cpython3"}]}